<?xml version="1.0" encoding="UTF-8"?>
<!-- Generated by org.testng.reporters.JUnitReportReporter -->
<testsuite hostname="DESKTOP-N5CVH87" failures="0" tests="4" name="api.test.UserTests2" time="26.640" errors="0" timestamp="2024-03-07T12:47:40 IST" skipped="0">
  <testcase classname="api.test.UserTests2" name="testPostUser" time="14.555"/>
  <testcase classname="api.test.UserTests2" name="testGetUserByName" time="6.831"/>
  <testcase classname="api.test.UserTests2" name="testUpdateUserByName" time="3.540"/>
  <testcase classname="api.test.UserTests2" name="testDeleteUserByName" time="1.714"/>
</testsuite> <!-- api.test.UserTests2 -->
