<?xml version="1.0" encoding="UTF-8"?>
<!-- Generated by org.testng.reporters.JUnitReportReporter -->
<testsuite hostname="DESKTOP-N5CVH87" failures="0" tests="4" name="api.test.UserTests" time="29.827" errors="0" timestamp="2024-03-06T16:05:02 IST" skipped="0">
  <testcase classname="api.test.UserTests" name="testPostUser" time="16.379"/>
  <testcase classname="api.test.UserTests" name="testGetUserByName" time="7.974"/>
  <testcase classname="api.test.UserTests" name="testUpdateUserByName" time="3.690"/>
  <testcase classname="api.test.UserTests" name="testDeleteUserByName" time="1.784"/>
</testsuite> <!-- api.test.UserTests -->
