<?xml version="1.0" encoding="UTF-8"?>
<!-- Generated by org.testng.reporters.JUnitReportReporter -->
<testsuite hostname="DESKTOP-N5CVH87" failures="0" tests="6" name="api.test.UserDataDriverTest" time="21.969" errors="0" timestamp="2024-03-06T16:58:59 IST" skipped="0">
  <testcase classname="api.test.UserDataDriverTest" name="testPostUser" time="1.711"/>
  <testcase classname="api.test.UserDataDriverTest" name="testPostUser" time="13.449"/>
  <testcase classname="api.test.UserDataDriverTest" name="testPostUser" time="1.747"/>
  <testcase classname="api.test.UserDataDriverTest" name="testDeleteUserByName" time="1.851"/>
  <testcase classname="api.test.UserDataDriverTest" name="testDeleteUserByName" time="1.620"/>
  <testcase classname="api.test.UserDataDriverTest" name="testDeleteUserByName" time="1.591"/>
</testsuite> <!-- api.test.UserDataDriverTest -->
