<?xml version="1.0" encoding="UTF-8"?>
<!-- Generated by org.testng.reporters.JUnitReportReporter -->
<testsuite hostname="DESKTOP-N5CVH87" failures="0" tests="4" name="api.test.UserTests" time="37.734" errors="0" timestamp="2024-03-06T17:25:12 IST" skipped="0">
  <testcase classname="api.test.UserTests" name="testPostUser" time="22.935"/>
  <testcase classname="api.test.UserTests" name="testGetUserByName" time="9.673"/>
  <testcase classname="api.test.UserTests" name="testUpdateUserByName" time="3.426"/>
  <testcase classname="api.test.UserTests" name="testDeleteUserByName" time="1.700"/>
</testsuite> <!-- api.test.UserTests -->
